c:\users\armstrong\desktop\cashregister\cashregister\x64\debug\rcc\qrc_cashregister.cpp
c:\users\armstrong\desktop\cashregister\cashregister\x64\debug\uic\ui_cashlogwidget.h
c:\users\armstrong\desktop\cashregister\cashregister\x64\debug\uic\ui_cashregister.h
c:\users\armstrong\desktop\cashregister\cashregister\x64\debug\uic\ui_checkoutwidget.h
c:\users\armstrong\desktop\cashregister\cashregister\x64\debug\uic\ui_inventorywidget.h
c:\users\armstrong\desktop\cashregister\cashregister\x64\debug\uic\ui_takephoto.h
c:\users\armstrong\desktop\cashregister\cashregister\x64\debug\moc\moc_cashregister.cpp
c:\users\armstrong\desktop\cashregister\cashregister\x64\debug\moc\moc_mydatabase.cpp
c:\users\armstrong\desktop\cashregister\cashregister\x64\debug\moc\moc_serialportmanager.cpp
c:\users\armstrong\desktop\cashregister\cashregister\x64\debug\moc\moc_inventorywidget.cpp
c:\users\armstrong\desktop\cashregister\cashregister\x64\debug\moc\moc_inputdialog.cpp
c:\users\armstrong\desktop\cashregister\cashregister\x64\debug\moc\moc_checkoutwidget.cpp
c:\users\armstrong\desktop\cashregister\cashregister\x64\debug\moc\moc_spinboxdelegate.cpp
c:\users\armstrong\desktop\cashregister\cashregister\x64\debug\moc\moc_cashlogwidget.cpp
c:\users\armstrong\desktop\cashregister\cashregister\x64\debug\vc143.pdb
c:\users\armstrong\desktop\cashregister\cashregister\x64\debug\vc143.idb
c:\users\armstrong\desktop\cashregister\cashregister\x64\debug\qrc_cashregister.obj
c:\users\armstrong\desktop\cashregister\cashregister\x64\debug\inventorywidget.obj
c:\users\armstrong\desktop\cashregister\cashregister\x64\debug\main.obj
c:\users\armstrong\desktop\cashregister\cashregister\x64\debug\cashregister.obj
c:\users\armstrong\desktop\cashregister\cashregister\x64\debug\serialportmanager.obj
c:\users\armstrong\desktop\cashregister\cashregister\x64\debug\spinboxdelegate.obj
c:\users\armstrong\desktop\cashregister\cashregister\x64\debug\cashlogwidget.obj
c:\users\armstrong\desktop\cashregister\cashregister\x64\debug\checkoutwidget.obj
c:\users\armstrong\desktop\cashregister\cashregister\x64\debug\mydatabase.obj
c:\users\armstrong\desktop\cashregister\cashregister\x64\debug\moc_inputdialog.obj
c:\users\armstrong\desktop\cashregister\cashregister\x64\debug\moc_inventorywidget.obj
c:\users\armstrong\desktop\cashregister\cashregister\x64\debug\moc_serialportmanager.obj
c:\users\armstrong\desktop\cashregister\cashregister\x64\debug\moc_mydatabase.obj
c:\users\armstrong\desktop\cashregister\cashregister\x64\debug\moc_cashregister.obj
c:\users\armstrong\desktop\cashregister\cashregister\x64\debug\moc_spinboxdelegate.obj
c:\users\armstrong\desktop\cashregister\cashregister\x64\debug\moc_cashlogwidget.obj
c:\users\armstrong\desktop\cashregister\cashregister\x64\debug\moc_checkoutwidget.obj
c:\users\armstrong\desktop\cashregister\x64\debug\cashregister.exe
c:\users\armstrong\desktop\cashregister\x64\debug\cashregister.pdb
c:\users\armstrong\desktop\cashregister\cashregister\x64\debug\cashregister.ilk
c:\users\armstrong\desktop\cashregister\cashregister\x64\debug\cashregister.tlog\cashregister.write.1u.tlog
c:\users\armstrong\desktop\cashregister\cashregister\x64\debug\cashregister.tlog\cl.command.1.tlog
c:\users\armstrong\desktop\cashregister\cashregister\x64\debug\cashregister.tlog\cl.items.tlog
c:\users\armstrong\desktop\cashregister\cashregister\x64\debug\cashregister.tlog\cl.read.1.tlog
c:\users\armstrong\desktop\cashregister\cashregister\x64\debug\cashregister.tlog\cl.write.1.tlog
c:\users\armstrong\desktop\cashregister\cashregister\x64\debug\cashregister.tlog\link.command.1.tlog
c:\users\armstrong\desktop\cashregister\cashregister\x64\debug\cashregister.tlog\link.read.1.tlog
c:\users\armstrong\desktop\cashregister\cashregister\x64\debug\cashregister.tlog\link.secondary.1.tlog
c:\users\armstrong\desktop\cashregister\cashregister\x64\debug\cashregister.tlog\link.write.1.tlog
c:\users\armstrong\desktop\cashregister\cashregister\x64\debug\cashregister.tlog\rcc.read.1u.tlog
c:\users\armstrong\desktop\cashregister\cashregister\x64\debug\cashregister.tlog\rcc.write.1u.tlog
c:\users\armstrong\desktop\cashregister\cashregister\x64\debug\cashregister.tlog\uic.read.1u.tlog
c:\users\armstrong\desktop\cashregister\cashregister\x64\debug\cashregister.tlog\uic.write.1u.tlog
